ISim log file
Running: C:\Users\MUSTAFA\Desktop\Codes\CORG_Processor_Design\Risc_16_bit_isim_beh.exe -intstyle ise -gui -tclbatch isim.cmd -wdb C:/Users/MUSTAFA/Desktop/Codes/CORG_Processor_Design/Risc_16_bit_isim_beh.wdb 
ISim P.20131013 (signature 0x7708f090)
WARNING: A WEBPACK license was found.
WARNING: Please use Xilinx License Configuration Manager to check out a full ISim license.
WARNING: ISim will run in Lite mode. Please refer to the ISim documentation for more information on the differences between the Lite and the Full version.
This is a Lite version of ISim.
Time resolution is 1 ps
# onerror resume
# wave add /
# run 1000 ns
Simulator is doing circuit initialization process.
Finished circuit initialization process.
Reg	Unsigned Value	Signed Value

Reg0:	    0	     0
Reg1:	    0	     0
Reg2:	    0	     0
Reg3:	    0	     0
Reg4:	    0	     0
Reg5:	    0	     0
Reg6:	  128	   128
Reg7:	    0	     0
# isim force add /Risc_16_bit/clk 1 -radix bin -value 0 -radix bin -time 500 ns -repeat 1 us
# isim force add /Risc_16_bit/clk 1 -radix bin -value 0 -radix bin -time 500 ns -repeat 1 us
# isim force add /Risc_16_bit/clk 1 -radix bin -value 0 -radix bin -time 500 ns -repeat 1 us
# isim force add /Risc_16_bit/clk 1 -radix bin -value 0 -radix bin -time 500 ns -repeat 1 us
# run 1.00us
Reg	Unsigned Value	Signed Value

Reg0:	    0	     0
Reg1:	    0	     0
Reg2:	    0	     0
Reg3:	    0	     0
Reg4:	    0	     0
Reg5:	    0	     0
Reg6:	  128	   128
Reg7:	    1	     1
# run 1.00us
Reg	Unsigned Value	Signed Value

Reg0:	    0	     0
Reg1:	    1	     1
Reg2:	    0	     0
Reg3:	    0	     0
Reg4:	    0	     0
Reg5:	    0	     0
Reg6:	  128	   128
Reg7:	    1	     1
# run 1.00us
Reg	Unsigned Value	Signed Value

Reg0:	    0	     0
Reg1:	    1	     1
Reg2:	    0	     0
Reg3:	    0	     0
Reg4:	    0	     0
Reg5:	    0	     0
Reg6:	  128	   128
Reg7:	    8	     8
# run 1.00us
# run 1.00us
Reg	Unsigned Value	Signed Value

Reg0:	    0	     0
Reg1:	    1	     1
Reg2:	    0	     0
Reg3:	    8	     8
Reg4:	    0	     0
Reg5:	    0	     0
Reg6:	  128	   128
Reg7:	    8	     8
# run 1.00us
Reg	Unsigned Value	Signed Value

Reg0:	    0	     0
Reg1:	    1	     1
Reg2:	    0	     0
Reg3:	    8	     8
Reg4:	    0	     0
Reg5:	   12	    12
Reg6:	  128	   128
Reg7:	    x	     x
# run 1.00us
Reg	Unsigned Value	Signed Value

Reg0:	    0	     0
Reg1:	    0	     0
Reg2:	    0	     0
Reg3:	    8	     8
Reg4:	    0	     0
Reg5:	   12	    12
Reg6:	  128	   128
Reg7:	    x	     x
# run 1.00us
# run 1.00us
Reg	Unsigned Value	Signed Value

Reg0:	    0	     0
Reg1:	    0	     0
Reg2:	    0	     0
Reg3:	    8	     8
Reg4:	    0	     0
Reg5:	   12	    12
Reg6:	  128	   128
Reg7:	    8	     8
# run 1.00us
# run 1.00us
Reg	Unsigned Value	Signed Value

Reg0:	    0	     0
Reg1:	    0	     0
Reg2:	    8	     8
Reg3:	    8	     8
Reg4:	    0	     0
Reg5:	   12	    12
Reg6:	  128	   128
Reg7:	    8	     8
# run 1.00us
Reg	Unsigned Value	Signed Value

Reg0:	    0	     0
Reg1:	    0	     0
Reg2:	    8	     8
Reg3:	    8	     8
Reg4:	    0	     0
Reg5:	   12	    12
Reg6:	  128	   128
Reg7:	65408	  -128
# run 1.00us
# run 1.00us
Reg	Unsigned Value	Signed Value

Reg0:	    0	     0
Reg1:	65408	  -128
Reg2:	    8	     8
Reg3:	    8	     8
Reg4:	    0	     0
Reg5:	   12	    12
Reg6:	  128	   128
Reg7:	65408	  -128
# run 1.00us
Reg	Unsigned Value	Signed Value

Reg0:	    0	     0
Reg1:	65408	  -128
Reg2:	    8	     8
Reg3:	    8	     8
Reg4:	    0	     0
Reg5:	   12	    12
Reg6:	  128	   128
Reg7:	 2048	  2048
# run 1.00us
Reg	Unsigned Value	Signed Value

Reg0:	    0	     0
Reg1:	65408	  -128
Reg2:	    8	     8
Reg3:	    0	     0
Reg4:	    0	     0
Reg5:	   12	    12
Reg6:	  128	   128
Reg7:	 2048	  2048
# run 1.00us
Reg	Unsigned Value	Signed Value

Reg0:	    0	     0
Reg1:	65408	  -128
Reg2:	    8	     8
Reg3:	 2048	  2048
Reg4:	    0	     0
Reg5:	   12	    12
Reg6:	  128	   128
Reg7:	 2048	  2048
# run 1.00us
Reg	Unsigned Value	Signed Value

Reg0:	    0	     0
Reg1:	65408	  -128
Reg2:	    8	     8
Reg3:	 2048	  2048
Reg4:	    0	     0
Reg5:	   12	    12
Reg6:	  128	   128
Reg7:	    1	     1
# run 1.00us
Reg	Unsigned Value	Signed Value

Reg0:	    0	     0
Reg1:	    0	     0
Reg2:	    8	     8
Reg3:	 2048	  2048
Reg4:	    0	     0
Reg5:	   12	    12
Reg6:	  128	   128
Reg7:	    1	     1
# run 1.00us
Reg	Unsigned Value	Signed Value

Reg0:	    0	     0
Reg1:	    1	     1
Reg2:	    8	     8
Reg3:	 2048	  2048
Reg4:	    0	     0
Reg5:	   12	    12
Reg6:	  128	   128
Reg7:	    1	     1
# run 1.00us
# run 1.00us
Reg	Unsigned Value	Signed Value

Reg0:	    0	     0
Reg1:	    1	     1
Reg2:	    8	     8
Reg3:	 2048	  2048
Reg4:	    0	     0
Reg5:	   12	    12
Reg6:	  128	   128
Reg7:	 2048	  2048
# run 1.00us
