Command line:
   Data_Memory_isim_beh.exe
     -simmode  gui
     -simrunnum  0
     -socket  62507

Sat Jul 23 14:40:21 2022


 Elaboration Time: 0.03125 sec

 Current Memory Usage: 5470.16 Meg

 Total Signals          : 20
 Total Nets             : 72
 Total Signal Drivers   : 7
 Total Blocks           : 2
 Total Primitive Blocks : 2
 Total Processes        : 10
 Total Traceable Variables  : 20
 Total Scalar Nets and Variables : 2232
Total Line Count : 23

 Total Simulation Time: 0.03125 sec

 Current Memory Usage: 5470.16 Meg

Sat Jul 23 14:41:20 2022

