Command line:
   Risc_16_bit_isim_beh.exe
     -simmode  gui
     -simrunnum  0
     -socket  53327

Sun Jul 24 16:12:05 2022


 Elaboration Time: 0.03125 sec

 Current Memory Usage: 5470.2 Meg

 Total Signals          : 91
 Total Nets             : 372
 Total Signal Drivers   : 45
 Total Blocks           : 9
 Total Primitive Blocks : 7
 Total Processes        : 57
 Total Traceable Variables  : 33
 Total Scalar Nets and Variables : 4784
Total Line Count : 289

 Total Simulation Time: 0.046875 sec

 Current Memory Usage: 4683.76 Meg

Sun Jul 24 16:54:52 2022

