Command line:
   ALU_isim_beh.exe
     -simmode  gui
     -simrunnum  0
     -socket  63577

Sat Jul 23 20:06:00 2022


 Elaboration Time: 0.03125 sec

 Current Memory Usage: 5470.73 Meg

 Total Signals          : 16
 Total Nets             : 64
 Total Signal Drivers   : 6
 Total Blocks           : 2
 Total Primitive Blocks : 2
 Total Processes        : 8
 Total Traceable Variables  : 19
 Total Scalar Nets and Variables : 160
Total Line Count : 29

 Total Simulation Time: 0.03125 sec

 Current Memory Usage: 5470.73 Meg

Sat Jul 23 20:06:08 2022

